<?xml version="1.0" encoding="UTF-8"?>
<testsuite xmlns:xsi="http://www.w3.org/2001/XMLSchema-instance" xsi:noNamespaceSchemaLocation="https://maven.apache.org/surefire/maven-surefire-plugin/xsd/surefire-test-report.xsd" name="StepDefinitions.TestRunner" time="57.956" tests="1" errors="1" skipped="0" failures="0">
  <properties>
    <property name="java.runtime.name" value="Java(TM) SE Runtime Environment"/>
    <property name="sun.boot.library.path" value="C:\sqldeveloper\jdk\jre\bin"/>
    <property name="java.vm.version" value="25.181-b13"/>
    <property name="java.vm.vendor" value="Oracle Corporation"/>
    <property name="maven.multiModuleProjectDirectory" value="C:\Users\sbarahona\IdeaProjects\EvolutionTest"/>
    <property name="java.vendor.url" value="http://java.oracle.com/"/>
    <property name="path.separator" value=";"/>
    <property name="guice.disable.misplaced.annotation.check" value="true"/>
    <property name="java.vm.name" value="Java HotSpot(TM) 64-Bit Server VM"/>
    <property name="file.encoding.pkg" value="sun.io"/>
    <property name="user.script" value=""/>
    <property name="user.country" value="SV"/>
    <property name="sun.java.launcher" value="SUN_STANDARD"/>
    <property name="sun.os.patch.level" value=""/>
    <property name="java.vm.specification.name" value="Java Virtual Machine Specification"/>
    <property name="user.dir" value="C:\Users\sbarahona\IdeaProjects\EvolutionTest"/>
    <property name="java.runtime.version" value="1.8.0_181-b13"/>
    <property name="java.awt.graphicsenv" value="sun.awt.Win32GraphicsEnvironment"/>
    <property name="java.endorsed.dirs" value="C:\sqldeveloper\jdk\jre\lib\endorsed"/>
    <property name="os.arch" value="amd64"/>
    <property name="java.io.tmpdir" value="C:\Users\SBARAH~1\AppData\Local\Temp\"/>
    <property name="line.separator" value="&#10;"/>
    <property name="java.vm.specification.vendor" value="Oracle Corporation"/>
    <property name="user.variant" value=""/>
    <property name="os.name" value="Windows 10"/>
    <property name="classworlds.conf" value="D:\Selenium\apache-maven\bin\..\bin\m2.conf"/>
    <property name="sun.jnu.encoding" value="Cp1252"/>
    <property name="java.library.path" value="C:\sqldeveloper\jdk\jre\bin;C:\WINDOWS\Sun\Java\bin;C:\WINDOWS\system32;C:\WINDOWS;C:\Program Files (x86)\Common Files\Oracle\Java\javapath;C:\Program Files (x86)\Microsoft SDKs\Azure\CLI2\wbin;D:\oraclexe\app\oracle\product\11.2.0\server\bin;C:\instantclient_12_1;C:\Program Files (x86)\Intel\iCLS Client\;C:\Program Files\Intel\iCLS Client\;C:\Program Files\Broadcom\Broadcom 802.11 Network Adapter;C:\app\client\sbarahona\product\12.1.0\client_2;C:\app\client\sbarahona\product\12.1.0\client_2\bin;C:\app\client\sbarahona\product\12.1.0\client_1;C:\app\client\sbarahona\product\12.1.0\client_1\bin;C:\Windows\system32;C:\Windows;C:\Windows\System32\Wbem;C:\Windows\System32\WindowsPowerShell\v1.0\;C:\Program Files\Microsoft SQL Server\120\Tools\Binn\;C:\Program Files\Microsoft SQL Server\130\Tools\Binn\;C:\Program Files (x86)\Microsoft SQL Server\110\DTS\Binn\;C:\Program Files (x86)\Microsoft SQL Server\120\DTS\Binn\;C:\Program Files (x86)\Microsoft SQL Server\130\DTS\Binn\;C:\Program Files\dotnet\;C:\Program Files (x86)\Microsoft SQL Server\130\Tools\Binn\;C:\Program Files\Microsoft SQL Server\Client SDK\ODBC\130\Tools\Binn\;C:\Program Files\Microsoft SQL Server\130\DTS\Binn;C:\Android;C:\sqldeveloper\jdk\jre\bin;C:\Program Files (x86)\NVIDIA Corporation\PhysX\Common;C:\WINDOWS\system32;C:\WINDOWS;C:\WINDOWS\System32\Wbem;C:\WINDOWS\System32\WindowsPowerShell\v1.0\;C:\WINDOWS\System32\OpenSSH\;C:\Program Files (x86)\AOMEI Backupper;C:\Program Files (x86)\Microsoft SQL Server\Client SDK\ODBC\130\Tools\Binn\;C:\Program Files (x86)\Microsoft SQL Server\140\Tools\Binn\;C:\Program Files (x86)\Microsoft SQL Server\140\DTS\Binn\;C:\Program Files (x86)\Microsoft SQL Server\140\Tools\Binn\ManagementStudio\;C:\Program Files\Microsoft SQL Server\Client SDK\ODBC\170\Tools\Binn\;C:\Program Files\TortoiseGit\bin;C:\Program Files (x86)\dotnet\;C:\Program Files\Git\cmd;C:\Users\sbarahona\AppData\Local\Microsoft\WindowsApps;C:\Users\sbarahona\AppData\Local\Microsoft\WindowsApps;C:\Program Files\SQL Operations Studio\bin;C:\Program Files\Azure Data Studio\bin;C:\Users\sbarahona\AppData\Local\Programs\Microsoft VS Code\bin;C:\Users\sbarahona\.dotnet\tools;C:\WINDOWS\System32\WindowsPowerShell\v1.0\;D:\Selenium\apache-maven\bin;;."/>
    <property name="maven.conf" value="D:\Selenium\apache-maven\bin\../conf"/>
    <property name="java.specification.name" value="Java Platform API Specification"/>
    <property name="java.class.version" value="52.0"/>
    <property name="sun.management.compiler" value="HotSpot 64-Bit Tiered Compilers"/>
    <property name="os.version" value="10.0"/>
    <property name="library.jansi.path" value="D:\Selenium\apache-maven\bin\..\lib\jansi-native"/>
    <property name="user.home" value="C:\Users\sbarahona"/>
    <property name="user.timezone" value="America/Regina"/>
    <property name="java.awt.printerjob" value="sun.awt.windows.WPrinterJob"/>
    <property name="java.specification.version" value="1.8"/>
    <property name="file.encoding" value="Cp1252"/>
    <property name="user.name" value="sbarahona"/>
    <property name="java.class.path" value="D:\Selenium\apache-maven\bin\..\boot\plexus-classworlds-2.6.0.jar"/>
    <property name="java.vm.specification.version" value="1.8"/>
    <property name="sun.arch.data.model" value="64"/>
    <property name="java.home" value="C:\sqldeveloper\jdk\jre"/>
    <property name="sun.java.command" value="org.codehaus.plexus.classworlds.launcher.Launcher test"/>
    <property name="java.specification.vendor" value="Oracle Corporation"/>
    <property name="user.language" value="es"/>
    <property name="awt.toolkit" value="sun.awt.windows.WToolkit"/>
    <property name="java.vm.info" value="mixed mode"/>
    <property name="java.version" value="1.8.0_181"/>
    <property name="java.ext.dirs" value="C:\sqldeveloper\jdk\jre\lib\ext;C:\WINDOWS\Sun\Java\lib\ext"/>
    <property name="sun.boot.class.path" value="C:\sqldeveloper\jdk\jre\lib\resources.jar;C:\sqldeveloper\jdk\jre\lib\rt.jar;C:\sqldeveloper\jdk\jre\lib\sunrsasign.jar;C:\sqldeveloper\jdk\jre\lib\jsse.jar;C:\sqldeveloper\jdk\jre\lib\jce.jar;C:\sqldeveloper\jdk\jre\lib\charsets.jar;C:\sqldeveloper\jdk\jre\lib\jfr.jar;C:\sqldeveloper\jdk\jre\classes"/>
    <property name="sun.stderr.encoding" value="cp850"/>
    <property name="java.vendor" value="Oracle Corporation"/>
    <property name="maven.home" value="D:\Selenium\apache-maven\bin\.."/>
    <property name="file.separator" value="\"/>
    <property name="java.vendor.url.bug" value="http://bugreport.sun.com/bugreport/"/>
    <property name="sun.cpu.endian" value="little"/>
    <property name="sun.io.unicode.encoding" value="UnicodeLittle"/>
    <property name="sun.stdout.encoding" value="cp850"/>
    <property name="sun.desktop" value="windows"/>
    <property name="sun.cpu.isalist" value="amd64"/>
  </properties>
  <testcase name="Consultar un área funcional con información básica (PDS-1271)" classname="AreasFuncionales" time="56.27">
    <error message="no such element: Unable to locate element: {&quot;method&quot;:&quot;xpath&quot;,&quot;selector&quot;:&quot;//a[contains(text(),&apos;CatÃ¡logo&apos;)]&quot;}&#10;  (Session info: chrome=93.0.4577.82)&#10;For documentation on this error, please visit: http://seleniumhq.org/exceptions/no_such_element.html&#10;Build info: version: &apos;3.11.0&apos;, revision: &apos;e59cfb3&apos;, time: &apos;2018-03-11T20:26:55.152Z&apos;&#10;System info: host: &apos;DESA-TESTER&apos;, ip: &apos;192.168.1.24&apos;, os.name: &apos;Windows 10&apos;, os.arch: &apos;amd64&apos;, os.version: &apos;10.0&apos;, java.version: &apos;1.8.0_181&apos;&#10;Driver info: org.openqa.selenium.chrome.ChromeDriver&#10;Capabilities {acceptInsecureCerts: false, browserName: chrome, browserVersion: 93.0.4577.82, chrome: {chromedriverVersion: 93.0.4577.63 (ff5c0da2ec0ad..., userDataDir: C:\Users\SBARAH~1\AppData\L...}, goog:chromeOptions: {debuggerAddress: localhost:1028}, javascriptEnabled: true, networkConnectionEnabled: false, pageLoadStrategy: normal, platform: WINDOWS, platformName: WINDOWS, proxy: Proxy(), setWindowRect: true, strictFileInteractability: false, timeouts: {implicit: 0, pageLoad: 300000, script: 30000}, unhandledPromptBehavior: dismiss and notify, webauthn:extension:credBlob: true, webauthn:extension:largeBlob: true, webauthn:virtualAuthenticators: true}&#10;Session ID: f8cc7e33aa772bdb5a00929270143a99&#10;*** Element info: {Using=xpath, value=//a[contains(text(),&apos;CatÃ¡logo&apos;)]}" type="org.openqa.selenium.NoSuchElementException">org.openqa.selenium.NoSuchElementException: 
no such element: Unable to locate element: {"method":"xpath","selector":"//a[contains(text(),'CatÃ¡logo')]"}
  (Session info: chrome=93.0.4577.82)
For documentation on this error, please visit: http://seleniumhq.org/exceptions/no_such_element.html
Build info: version: '3.11.0', revision: 'e59cfb3', time: '2018-03-11T20:26:55.152Z'
System info: host: 'DESA-TESTER', ip: '192.168.1.24', os.name: 'Windows 10', os.arch: 'amd64', os.version: '10.0', java.version: '1.8.0_181'
Driver info: org.openqa.selenium.chrome.ChromeDriver
Capabilities {acceptInsecureCerts: false, browserName: chrome, browserVersion: 93.0.4577.82, chrome: {chromedriverVersion: 93.0.4577.63 (ff5c0da2ec0ad..., userDataDir: C:\Users\SBARAH~1\AppData\L...}, goog:chromeOptions: {debuggerAddress: localhost:1028}, javascriptEnabled: true, networkConnectionEnabled: false, pageLoadStrategy: normal, platform: WINDOWS, platformName: WINDOWS, proxy: Proxy(), setWindowRect: true, strictFileInteractability: false, timeouts: {implicit: 0, pageLoad: 300000, script: 30000}, unhandledPromptBehavior: dismiss and notify, webauthn:extension:credBlob: true, webauthn:extension:largeBlob: true, webauthn:virtualAuthenticators: true}
Session ID: f8cc7e33aa772bdb5a00929270143a99
*** Element info: {Using=xpath, value=//a[contains(text(),'CatÃ¡logo')]}
</error>
    <system-out><![CDATA[2021-09-16 16:45:16 INFO  Hooks:33 - ***********************************************************************************************************
2021-09-16 16:45:16 INFO  Hooks:34 - [ Configuration ] - Inicia configuracion del driver
2021-09-16 16:45:16 INFO  Hooks:35 - ***********************************************************************************************************
2021-09-16 16:45:16 INFO  CreateDriver:45 - ***********************************************************************************************************
2021-09-16 16:45:16 INFO  CreateDriver:46 - [ POM Configuration ] - Read the basic properties configuration from: test.properties
2021-09-16 16:45:16 INFO  CreateDriver:57 - [ POM Configuration ] - Browser: CHROME
2021-09-16 16:45:16 INFO  CreateDriver:58 - [ POM Configuration ] - Modo Headless: no
2021-09-16 16:45:16 INFO  CreateDriver:59 - [ POM Configuration ] - Logger Level: INFO
2021-09-16 16:45:16 INFO  CreateDriver:60 - ***********************************************************************************************************
2021-09-16 16:45:20 INFO  Hooks:38 - ***********************************************************************************************************
2021-09-16 16:45:20 INFO  Hooks:39 - [ Escenario ] - Consultar un área funcional con información básica (PDS-1271)
2021-09-16 16:45:20 INFO  Hooks:40 - ***********************************************************************************************************
2021-09-16 16:45:20 INFO  StepDefinitions:29 - Cargando URL: https://servidoraplicacion01.eastus2.cloudapp.azure.com/Evolution/
2021-09-16 16:45:23 INFO  StepDefinitions:91 - initialize file: Login.json
2021-09-16 16:45:23 INFO  SeleniumFunctions:75 - {"GetFieldBy":"Name","ValueToFind":"txtUsername"}
2021-09-16 16:45:23 INFO  SeleniumFunctions:263 - Al elemento Usuario se le pone este texto auditoria
2021-09-16 16:45:23 INFO  SeleniumFunctions:75 - {"GetFieldBy":"Name","ValueToFind":"txtPassword"}
2021-09-16 16:45:24 INFO  SeleniumFunctions:263 - Al elemento Contrasenia se le pone este texto auditoria
2021-09-16 16:45:24 INFO  SeleniumFunctions:75 - {"GetFieldBy":"Name","ValueToFind":"btnIniciarSesion"}
2021-09-16 16:45:54 INFO  SeleniumFunctions:289 - Click al elemento: BotonIniciarSesion
2021-09-16 16:45:54 INFO  SeleniumFunctions:256 - Iniciando sesion con usuario auditoria
2021-09-16 16:45:54 INFO  StepDefinitions:91 - initialize file: AreasFuncionales.json
2021-09-16 16:45:54 INFO  SeleniumFunctions:75 - {"GetFieldBy":"Xpath","ValueToFind":"\/html[1]\/body[1]\/div[1]\/div[2]\/div[2]\/a[2]"}
2021-09-16 16:46:00 INFO  SeleniumFunctions:389 - Click al elemento: Organizacion
2021-09-16 16:46:00 INFO  SeleniumFunctions:75 - {"GetFieldBy":"Xpath","ValueToFind":"\/html[1]\/body[1]\/div[1]\/div[4]\/div[2]\/div[2]\/table[1]\/tbody[1]\/tr[1]\/td[1]\/div[1]\/div[2]\/h2[1]\/a[1]"}
2021-09-16 16:46:10 INFO  SeleniumFunctions:389 - Click al elemento: EstructuraOrganizativa
2021-09-16 16:46:10 INFO  SeleniumFunctions:75 - {"GetFieldBy":"Xpath","ValueToFind":"\/\/a[contains(text(),'CatÃ¡logo')]"}
2021-09-16 16:46:11 INFO  Hooks:61 - ***********************************************************************************************************
2021-09-16 16:46:11 INFO  Hooks:62 - [ Driver Status ] - Cerrando instancia del webdriver
2021-09-16 16:46:11 INFO  Hooks:63 - ***********************************************************************************************************
]]></system-out>
    <system-err><![CDATA[SLF4J: Failed to load class "org.slf4j.impl.StaticLoggerBinder".
SLF4J: Defaulting to no-operation (NOP) logger implementation
SLF4J: See http://www.slf4j.org/codes.html#StaticLoggerBinder for further details.
Starting ChromeDriver 93.0.4577.63 (ff5c0da2ec0adeaed5550e6c7e98417dac77d98a-refs/branch-heads/4577@{#1135}) on port 12698
Only local connections are allowed.
Please see https://chromedriver.chromium.org/security-considerations for suggestions on keeping ChromeDriver safe.
ChromeDriver was started successfully.
sep 16, 2021 4:45:19 PM org.openqa.selenium.remote.ProtocolHandshake createSession
INFORMACIÓN: Detected dialect: W3C
]]></system-err>
  </testcase>
</testsuite>